[INFO] Scanning for projects...
[WARNING] 
[WARNING] Some problems were encountered while building the effective model for com.spring:CodeAmigos--Backend:jar:0.0.1-SNAPSHOT
[WARNING] 'dependencies.dependency.(groupId:artifactId:type:classifier)' must be unique: com.fasterxml.jackson.datatype:jackson-datatype-jsr310:jar -> duplicate declaration of version (?) @ line 167, column 15
[WARNING] 
[WARNING] It is highly recommended to fix these problems because they threaten the stability of your build.
[WARNING] 
[WARNING] For this reason, future Maven versions might no longer support building such malformed projects.
[WARNING] 
[INFO] 
[INFO] -------------------< com.spring:CodeAmigos--Backend >-------------------
[INFO] Building CodeAmigos--Backend 0.0.1-SNAPSHOT
[INFO]   from pom.xml
[INFO] --------------------------------[ jar ]---------------------------------
[INFO] 
[INFO] --- clean:3.4.1:clean (default-clean) @ CodeAmigos--Backend ---
[INFO] Deleting C:\Users\DELL\Downloads\CodeAmigos--Backend-main (1)\CodeAmigos--Backend-main\target
[INFO] 
[INFO] --- resources:3.3.1:resources (default-resources) @ CodeAmigos--Backend ---
[INFO] Copying 1 resource from src\main\resources to target\classes
[INFO] Copying 0 resource from src\main\resources to target\classes
[INFO] 
[INFO] --- compiler:3.13.0:compile (default-compile) @ CodeAmigos--Backend ---
[INFO] Recompiling the module because of changed source code.
[INFO] Compiling 63 source files with javac [debug parameters release 17] to target\classes
[WARNING] /C:/Users/DELL/Downloads/CodeAmigos--Backend-main (1)/CodeAmigos--Backend-main/src/main/java/com/spring/codeamigosbackend/config/SecurityConfig.java:[74,25] and() in org.springframework.security.config.annotation.web.configurers.SessionManagementConfigurer.ConcurrencyControlConfigurer has been deprecated and marked for removal
[INFO] /C:/Users/DELL/Downloads/CodeAmigos--Backend-main (1)/CodeAmigos--Backend-main/src/main/java/com/spring/codeamigosbackend/OAuth2/util/JwtUtil.java: Some input files use or override a deprecated API.
[INFO] /C:/Users/DELL/Downloads/CodeAmigos--Backend-main (1)/CodeAmigos--Backend-main/src/main/java/com/spring/codeamigosbackend/OAuth2/util/JwtUtil.java: Recompile with -Xlint:deprecation for details.
[INFO] /C:/Users/DELL/Downloads/CodeAmigos--Backend-main (1)/CodeAmigos--Backend-main/src/main/java/com/spring/codeamigosbackend/config/AppConfig.java: Some input files use unchecked or unsafe operations.
[INFO] /C:/Users/DELL/Downloads/CodeAmigos--Backend-main (1)/CodeAmigos--Backend-main/src/main/java/com/spring/codeamigosbackend/config/AppConfig.java: Recompile with -Xlint:unchecked for details.
[INFO] 
[INFO] --- resources:3.3.1:testResources (default-testResources) @ CodeAmigos--Backend ---
[INFO] skip non existing resourceDirectory C:\Users\DELL\Downloads\CodeAmigos--Backend-main (1)\CodeAmigos--Backend-main\src\test\resources
[INFO] 
[INFO] --- compiler:3.13.0:testCompile (default-testCompile) @ CodeAmigos--Backend ---
[INFO] Recompiling the module because of changed dependency.
[INFO] Compiling 1 source file with javac [debug parameters release 17] to target\test-classes
[INFO] 
[INFO] --- surefire:3.5.3:test (default-test) @ CodeAmigos--Backend ---
[INFO] Tests are skipped.
[INFO] 
[INFO] --- jar:3.4.2:jar (default-jar) @ CodeAmigos--Backend ---
[INFO] Building jar: C:\Users\DELL\Downloads\CodeAmigos--Backend-main (1)\CodeAmigos--Backend-main\target\CodeAmigos--Backend-0.0.1-SNAPSHOT.jar
[INFO] 
[INFO] --- spring-boot:3.4.5:repackage (repackage) @ CodeAmigos--Backend ---
[INFO] Replacing main artifact C:\Users\DELL\Downloads\CodeAmigos--Backend-main (1)\CodeAmigos--Backend-main\target\CodeAmigos--Backend-0.0.1-SNAPSHOT.jar with repackaged archive, adding nested dependencies in BOOT-INF/.
[INFO] The original artifact has been renamed to C:\Users\DELL\Downloads\CodeAmigos--Backend-main (1)\CodeAmigos--Backend-main\target\CodeAmigos--Backend-0.0.1-SNAPSHOT.jar.original
[INFO] 
[INFO] --- install:3.1.4:install (default-install) @ CodeAmigos--Backend ---
[INFO] Downloading from central: https://repo.maven.apache.org/maven2/org/apache/maven/resolver/maven-resolver-util/1.9.22/maven-resolver-util-1.9.22.jar
[INFO] Downloaded from central: https://repo.maven.apache.org/maven2/org/apache/maven/resolver/maven-resolver-util/1.9.22/maven-resolver-util-1.9.22.jar (196 kB at 212 kB/s)
[INFO] Downloading from central: https://repo.maven.apache.org/maven2/org/apache/maven/resolver/maven-resolver-api/1.9.22/maven-resolver-api-1.9.22.jar
[INFO] Downloading from central: https://repo.maven.apache.org/maven2/org/codehaus/plexus/plexus-xml/3.0.1/plexus-xml-3.0.1.jar
[INFO] Downloaded from central: https://repo.maven.apache.org/maven2/org/codehaus/plexus/plexus-xml/3.0.1/plexus-xml-3.0.1.jar (94 kB at 694 kB/s)
[INFO] Downloaded from central: https://repo.maven.apache.org/maven2/org/apache/maven/resolver/maven-resolver-api/1.9.22/maven-resolver-api-1.9.22.jar (157 kB at 476 kB/s)
[INFO] Installing C:\Users\DELL\Downloads\CodeAmigos--Backend-main (1)\CodeAmigos--Backend-main\pom.xml to C:\Users\DELL\.m2\repository\com\spring\CodeAmigos--Backend\0.0.1-SNAPSHOT\CodeAmigos--Backend-0.0.1-SNAPSHOT.pom
[INFO] Installing C:\Users\DELL\Downloads\CodeAmigos--Backend-main (1)\CodeAmigos--Backend-main\target\CodeAmigos--Backend-0.0.1-SNAPSHOT.jar to C:\Users\DELL\.m2\repository\com\spring\CodeAmigos--Backend\0.0.1-SNAPSHOT\CodeAmigos--Backend-0.0.1-SNAPSHOT.jar
[INFO] ------------------------------------------------------------------------
[INFO] BUILD SUCCESS
[INFO] ------------------------------------------------------------------------
[INFO] Total time:  23.948 s
[INFO] Finished at: 2026-01-02T10:31:37+05:30
[INFO] ------------------------------------------------------------------------
